INFO - 11/08/22 15:34:53 - 0:00:00 - Read 18912 words from the vocabulary file.

INFO - 11/08/22 15:34:54 - 0:00:01 - 21949 words (18912 unique) in 132 sentences.
INFO - 11/08/22 15:34:54 - 0:00:01 - 1225 unknown words (342 unique), covering 5.58% of the data.
INFO - 11/08/22 15:34:54 - 0:00:01 - memo: 73
INFO - 11/08/22 15:34:54 - 0:00:01 - hop: 66
INFO - 11/08/22 15:34:54 - 0:00:01 - hop@@: 46
INFO - 11/08/22 15:34:54 - 0:00:01 - Hop: 29
INFO - 11/08/22 15:34:54 - 0:00:01 - Elem: 27
INFO - 11/08/22 15:34:54 - 0:00:01 - CORBA: 22
INFO - 11/08/22 15:34:54 - 0:00:01 - omg: 22
INFO - 11/08/22 15:34:54 - 0:00:01 - OPT: 21
INFO - 11/08/22 15:34:54 - 0:00:01 - Care@@: 20
INFO - 11/08/22 15:34:54 - 0:00:01 - TableEntry: 20
INFO - 11/08/22 15:34:54 - 0:00:01 - Agg@@: 19
INFO - 11/08/22 15:34:54 - 0:00:01 - rd: 18
INFO - 11/08/22 15:34:54 - 0:00:01 - ROW: 18
INFO - 11/08/22 15:34:54 - 0:00:01 - ger: 15
INFO - 11/08/22 15:34:54 - 0:00:01 - blacklist: 14
INFO - 11/08/22 15:34:54 - 0:00:01 - f_@@: 11
INFO - 11/08/22 15:34:54 - 0:00:01 - _tc@@: 11
INFO - 11/08/22 15:34:54 - 0:00:01 - License: 11
INFO - 11/08/22 15:34:54 - 0:00:01 - CSS@@: 11
INFO - 11/08/22 15:34:54 - 0:00:01 - oo: 10
INFO - 11/08/22 15:34:54 - 0:00:01 - pair@@: 10
INFO - 11/08/22 15:34:54 - 0:00:01 - svc: 10
INFO - 11/08/22 15:34:54 - 0:00:01 - mage: 10
INFO - 11/08/22 15:34:54 - 0:00:01 - asing@@: 8
INFO - 11/08/22 15:34:54 - 0:00:01 - Incre@@: 8
INFO - 11/08/22 15:34:54 - 0:00:01 - Micro@@: 8
INFO - 11/08/22 15:34:54 - 0:00:01 - care@@: 8
INFO - 11/08/22 15:34:54 - 0:00:01 - dag: 8
INFO - 11/08/22 15:34:54 - 0:00:01 - Elems: 8
INFO - 11/08/22 15:34:54 - 0:00:01 - Fraction@@: 8
INFO - 11/08/22 15:34:54 - 0:00:01 - Job completed successfully
