INFO - 11/08/22 15:34:55 - 0:00:01 - Read 18912 words from the vocabulary file.

INFO - 11/08/22 15:34:56 - 0:00:02 - 108249 words (18912 unique) in 1235 sentences.
INFO - 11/08/22 15:34:56 - 0:00:02 - 7564 unknown words (1093 unique), covering 6.99% of the data.
INFO - 11/08/22 15:34:56 - 0:00:02 - EClass: 634
INFO - 11/08/22 15:34:56 - 0:00:02 - EReference: 312
INFO - 11/08/22 15:34:56 - 0:00:02 - EAttribute: 240
INFO - 11/08/22 15:34:56 - 0:00:02 - ORDE@@: 138
INFO - 11/08/22 15:34:56 - 0:00:02 - VED: 138
INFO - 11/08/22 15:34:56 - 0:00:02 - DERI@@: 138
INFO - 11/08/22 15:34:56 - 0:00:02 - SET@@: 138
INFO - 11/08/22 15:34:56 - 0:00:02 - CHANGE@@: 138
INFO - 11/08/22 15:34:56 - 0:00:02 - VOLATI@@: 138
INFO - 11/08/22 15:34:56 - 0:00:02 - ENT: 138
INFO - 11/08/22 15:34:56 - 0:00:02 - Structural@@: 138
INFO - 11/08/22 15:34:56 - 0:00:02 - People@@: 132
INFO - 11/08/22 15:34:56 - 0:00:02 - Eviction@@: 105
INFO - 11/08/22 15:34:56 - 0:00:02 - Exten@@: 95
INFO - 11/08/22 15:34:56 - 0:00:02 - sible@@: 89
INFO - 11/08/22 15:34:56 - 0:00:02 - targetNamespace: 82
INFO - 11/08/22 15:34:56 - 0:00:02 - Presentation@@: 79
INFO - 11/08/22 15:34:56 - 0:00:02 - XI@@: 78
INFO - 11/08/22 15:34:56 - 0:00:02 - COMPOSI@@: 78
INFO - 11/08/22 15:34:56 - 0:00:02 - Roo@@: 69
INFO - 11/08/22 15:34:56 - 0:00:02 - SSTableReader: 54
INFO - 11/08/22 15:34:56 - 0:00:02 - getSize@@: 51
INFO - 11/08/22 15:34:56 - 0:00:02 - cations: 47
INFO - 11/08/22 15:34:56 - 0:00:02 - Sizer@@: 47
INFO - 11/08/22 15:34:56 - 0:00:02 - LR@@: 42
INFO - 11/08/22 15:34:56 - 0:00:02 - Deletion@@: 41
INFO - 11/08/22 15:34:56 - 0:00:02 - mV@@: 40
INFO - 11/08/22 15:34:56 - 0:00:02 - uman@@: 39
INFO - 11/08/22 15:34:56 - 0:00:02 - ker@@: 37
INFO - 11/08/22 15:34:56 - 0:00:02 - Star@@: 35
INFO - 11/08/22 15:34:56 - 0:00:02 - Job completed successfully
