INFO - 11/08/22 15:34:55 - 0:00:00 - Read 18912 words from the vocabulary file.

INFO - 11/08/22 15:34:55 - 0:00:01 - 46370 words (18912 unique) in 543 sentences.
INFO - 11/08/22 15:34:55 - 0:00:01 - 1888 unknown words (416 unique), covering 4.07% of the data.
INFO - 11/08/22 15:34:55 - 0:00:01 - Ignite@@: 194
INFO - 11/08/22 15:34:55 - 0:00:01 - IgniteCheckedException: 112
INFO - 11/08/22 15:34:55 - 0:00:01 - CheckedException: 41
INFO - 11/08/22 15:34:55 - 0:00:01 - ClusterNode: 41
INFO - 11/08/22 15:34:55 - 0:00:01 - UNSAFE: 40
INFO - 11/08/22 15:34:55 - 0:00:01 - ldr: 39
INFO - 11/08/22 15:34:55 - 0:00:01 - rsrc: 35
INFO - 11/08/22 15:34:55 - 0:00:01 - addrs: 28
INFO - 11/08/22 15:34:55 - 0:00:01 - Cls: 20
INFO - 11/08/22 15:34:55 - 0:00:01 - sName: 19
INFO - 11/08/22 15:34:55 - 0:00:01 - SSTableReader: 19
INFO - 11/08/22 15:34:55 - 0:00:01 - ptr: 19
INFO - 11/08/22 15:34:55 - 0:00:01 - Ver: 18
INFO - 11/08/22 15:34:55 - 0:00:01 - ctor: 17
INFO - 11/08/22 15:34:55 - 0:00:01 - pd: 17
INFO - 11/08/22 15:34:55 - 0:00:01 - qualified@@: 15
INFO - 11/08/22 15:34:55 - 0:00:01 - dead@@: 15
INFO - 11/08/22 15:34:55 - 0:00:01 - inet@@: 15
INFO - 11/08/22 15:34:55 - 0:00:01 - IGN@@: 15
INFO - 11/08/22 15:34:55 - 0:00:01 - wsdl@@: 14
INFO - 11/08/22 15:34:55 - 0:00:01 - GridCache@@: 14
INFO - 11/08/22 15:34:55 - 0:00:01 - criterion: 13
INFO - 11/08/22 15:34:55 - 0:00:01 - bytesTo@@: 13
INFO - 11/08/22 15:34:55 - 0:00:01 - peer@@: 13
INFO - 11/08/22 15:34:55 - 0:00:01 - addr@@: 13
INFO - 11/08/22 15:34:55 - 0:00:01 - ignite@@: 13
INFO - 11/08/22 15:34:55 - 0:00:01 - ann: 12
INFO - 11/08/22 15:34:55 - 0:00:01 - cacheName: 12
INFO - 11/08/22 15:34:55 - 0:00:01 - asset@@: 12
INFO - 11/08/22 15:34:55 - 0:00:01 - cls@@: 12
INFO - 11/08/22 15:34:55 - 0:00:01 - Job completed successfully
