INFO - 11/08/22 15:34:53 - 0:00:00 - Read 18912 words from the vocabulary file.

INFO - 11/08/22 15:34:55 - 0:00:02 - 94096 words (18912 unique) in 1053 sentences.
INFO - 11/08/22 15:34:55 - 0:00:02 - 4544 unknown words (980 unique), covering 4.83% of the data.
INFO - 11/08/22 15:34:55 - 0:00:02 - TableHandle: 140
INFO - 11/08/22 15:34:55 - 0:00:02 - Charset@@: 68
INFO - 11/08/22 15:34:55 - 0:00:02 - Rap@@: 68
INFO - 11/08/22 15:34:55 - 0:00:02 - transactionId: 67
INFO - 11/08/22 15:34:55 - 0:00:02 - Stmt: 65
INFO - 11/08/22 15:34:55 - 0:00:02 - Gener@@: 55
INFO - 11/08/22 15:34:55 - 0:00:02 - mal@@: 55
INFO - 11/08/22 15:34:55 - 0:00:02 - setWidget: 52
INFO - 11/08/22 15:34:55 - 0:00:02 - oo: 52
INFO - 11/08/22 15:34:55 - 0:00:02 - Tables@@: 51
INFO - 11/08/22 15:34:55 - 0:00:02 - Hist@@: 51
INFO - 11/08/22 15:34:55 - 0:00:02 - memo: 50
INFO - 11/08/22 15:34:55 - 0:00:02 - rap@@: 45
INFO - 11/08/22 15:34:55 - 0:00:02 - Mysql@@: 44
INFO - 11/08/22 15:34:55 - 0:00:02 - Mutex: 41
INFO - 11/08/22 15:34:55 - 0:00:02 - Ther@@: 39
INFO - 11/08/22 15:34:55 - 0:00:02 - dk@@: 39
INFO - 11/08/22 15:34:55 - 0:00:02 - Sql: 38
INFO - 11/08/22 15:34:55 - 0:00:02 - hour@@: 36
INFO - 11/08/22 15:34:55 - 0:00:02 - transaction@@: 36
INFO - 11/08/22 15:34:55 - 0:00:02 - Privilege: 35
INFO - 11/08/22 15:34:55 - 0:00:02 - mysql@@: 35
INFO - 11/08/22 15:34:55 - 0:00:02 - 连@@: 33
INFO - 11/08/22 15:34:55 - 0:00:02 - Drill@@: 31
INFO - 11/08/22 15:34:55 - 0:00:02 - 接@@: 27
INFO - 11/08/22 15:34:55 - 0:00:02 - statement@@: 27
INFO - 11/08/22 15:34:55 - 0:00:02 - cont@@: 26
INFO - 11/08/22 15:34:55 - 0:00:02 - hop@@: 26
INFO - 11/08/22 15:34:55 - 0:00:02 - PROPERTY: 26
INFO - 11/08/22 15:34:55 - 0:00:02 - PrepareStatement: 25
INFO - 11/08/22 15:34:55 - 0:00:02 - Job completed successfully
